<?xml version="1.0" encoding="utf-8"?><testsuites name="pytest tests"><testsuite name="pytest" errors="0" failures="0" skipped="0" tests="21" time="8.989" timestamp="2026-02-25T10:58:27.467055+00:00" hostname="agent-env-9338f685-39c7-4d9b-b32a-47fb2e7da0f1"><testcase classname="backend.tests.test_manufacturing.TestManufacturingWorkflow" name="test_01_create_raw_material_fabric" time="0.439" /><testcase classname="backend.tests.test_manufacturing.TestManufacturingWorkflow" name="test_02_create_raw_material_buttons" time="0.378" /><testcase classname="backend.tests.test_manufacturing.TestManufacturingWorkflow" name="test_03_create_raw_material_thread" time="0.376" /><testcase classname="backend.tests.test_manufacturing.TestManufacturingWorkflow" name="test_04_create_raw_material_zipper" time="0.376" /><testcase classname="backend.tests.test_manufacturing.TestManufacturingWorkflow" name="test_05_get_raw_materials_list" time="0.373" /><testcase classname="backend.tests.test_manufacturing.TestManufacturingWorkflow" name="test_06_get_raw_material_categories" time="0.361" /><testcase classname="backend.tests.test_manufacturing.TestManufacturingWorkflow" name="test_07_add_stock_to_raw_material" time="0.576" /><testcase classname="backend.tests.test_manufacturing.TestManufacturingWorkflow" name="test_08_create_test_product" time="0.387" /><testcase classname="backend.tests.test_manufacturing.TestManufacturingWorkflow" name="test_09_create_bill_of_materials" time="0.386" /><testcase classname="backend.tests.test_manufacturing.TestManufacturingWorkflow" name="test_10_get_bom_details" time="0.403" /><testcase classname="backend.tests.test_manufacturing.TestManufacturingWorkflow" name="test_11_create_work_order" time="0.380" /><testcase classname="backend.tests.test_manufacturing.TestManufacturingWorkflow" name="test_12_get_work_order_details" time="0.370" /><testcase classname="backend.tests.test_manufacturing.TestManufacturingWorkflow" name="test_13_issue_materials" time="0.771" /><testcase classname="backend.tests.test_manufacturing.TestManufacturingWorkflow" name="test_14_start_production" time="0.384" /><testcase classname="backend.tests.test_manufacturing.TestManufacturingWorkflow" name="test_15_record_production" time="0.370" /><testcase classname="backend.tests.test_manufacturing.TestManufacturingWorkflow" name="test_16_qc_inspection" time="0.385" /><testcase classname="backend.tests.test_manufacturing.TestManufacturingWorkflow" name="test_17_verify_finished_goods_inventory" time="0.371" /><testcase classname="backend.tests.test_manufacturing.TestManufacturingWorkflow" name="test_18_verify_work_order_completed" time="0.403" /><testcase classname="backend.tests.test_manufacturing.TestManufacturingWorkflow" name="test_19_verify_journal_entries_created" time="0.383" /><testcase classname="backend.tests.test_manufacturing.TestManufacturingWorkflow" name="test_99_cleanup_test_data" time="0.657" /><testcase classname="backend.tests.test_manufacturing.TestManufacturingDashboard" name="test_manufacturing_dashboard_summary" time="0.377" /></testsuite></testsuites>