<?xml version="1.0" encoding="utf-8"?><testsuites name="pytest tests"><testsuite name="pytest" errors="0" failures="1" skipped="0" tests="37" time="6.626" timestamp="2026-03-07T19:07:06.997659+00:00" hostname="agent-env-8863e4d9-9a89-4fd4-b574-09c811d9eb52"><testcase classname="backend.tests.test_payroll.TestDepartments" name="test_get_departments" time="0.478" /><testcase classname="backend.tests.test_payroll.TestDepartments" name="test_create_department" time="0.107" /><testcase classname="backend.tests.test_payroll.TestDepartments" name="test_create_duplicate_department_fails" time="0.233" /><testcase classname="backend.tests.test_payroll.TestDepartments" name="test_update_department" time="0.112" /><testcase classname="backend.tests.test_payroll.TestEmployees" name="test_get_employees" time="0.118" /><testcase classname="backend.tests.test_payroll.TestEmployees" name="test_get_next_employee_id" time="0.139" /><testcase classname="backend.tests.test_payroll.TestEmployees" name="test_create_permanent_employee" time="0.359"><failure message="AssertionError: Create employee failed: {&quot;detail&quot;:&quot;Employee ID already exists&quot;}&#10;assert 400 == 200&#10; +  where 400 = &lt;Response [400]&gt;.status_code">backend/tests/test_payroll.py:140: in test_create_permanent_employee
    assert response.status_code == 200, f"Create employee failed: {response.text}"
E   AssertionError: Create employee failed: {"detail":"Employee ID already exists"}
E   assert 400 == 200
E    +  where 400 = &lt;Response [400]&gt;.status_code</failure></testcase><testcase classname="backend.tests.test_payroll.TestEmployees" name="test_create_casual_employee" time="0.126" /><testcase classname="backend.tests.test_payroll.TestEmployees" name="test_create_freelancer_employee" time="0.114" /><testcase classname="backend.tests.test_payroll.TestEmployees" name="test_create_contract_employee" time="0.119" /><testcase classname="backend.tests.test_payroll.TestEmployees" name="test_get_employee_details" time="0.127" /><testcase classname="backend.tests.test_payroll.TestEmployees" name="test_update_employee" time="0.114" /><testcase classname="backend.tests.test_payroll.TestEmployees" name="test_filter_employees_by_type" time="0.103" /><testcase classname="backend.tests.test_payroll.TestSalaryStructure" name="test_get_salary_structure" time="0.112" /><testcase classname="backend.tests.test_payroll.TestSalaryStructure" name="test_update_statutory_rates" time="0.207" /><testcase classname="backend.tests.test_payroll.TestSalaryStructure" name="test_add_allowance" time="0.115" /><testcase classname="backend.tests.test_payroll.TestSalaryStructure" name="test_delete_allowance" time="0.216" /><testcase classname="backend.tests.test_payroll.TestLeaveManagement" name="test_get_leave_balances" time="0.099" /><testcase classname="backend.tests.test_payroll.TestLeaveManagement" name="test_create_leave_request" time="0.238" /><testcase classname="backend.tests.test_payroll.TestLeaveManagement" name="test_get_leave_requests" time="0.110" /><testcase classname="backend.tests.test_payroll.TestLeaveManagement" name="test_approve_leave_request" time="0.105" /><testcase classname="backend.tests.test_payroll.TestLeaveManagement" name="test_update_leave_balance" time="0.242" /><testcase classname="backend.tests.test_payroll.TestAdvances" name="test_get_advances" time="0.121" /><testcase classname="backend.tests.test_payroll.TestAdvances" name="test_create_advance" time="0.265" /><testcase classname="backend.tests.test_payroll.TestAdvances" name="test_create_loan" time="0.220" /><testcase classname="backend.tests.test_payroll.TestPayrollProcessing" name="test_get_payrolls" time="0.116" /><testcase classname="backend.tests.test_payroll.TestPayrollProcessing" name="test_create_payroll" time="0.125" /><testcase classname="backend.tests.test_payroll.TestPayrollProcessing" name="test_get_payroll_details" time="0.122" /><testcase classname="backend.tests.test_payroll.TestPayrollProcessing" name="test_submit_payroll_for_approval" time="0.118" /><testcase classname="backend.tests.test_payroll.TestPayrollProcessing" name="test_approve_payroll" time="0.119" /><testcase classname="backend.tests.test_payroll.TestPayrollProcessing" name="test_process_payroll" time="0.232" /><testcase classname="backend.tests.test_payroll.TestPayrollReports" name="test_get_payroll_summary" time="0.110" /><testcase classname="backend.tests.test_payroll.TestPayrollReports" name="test_get_epf_etf_report" time="0.132" /><testcase classname="backend.tests.test_payroll.TestPayrollReports" name="test_get_department_report" time="0.118" /><testcase classname="backend.tests.test_payroll.TestCleanup" name="test_delete_test_payrolls" time="0.111" /><testcase classname="backend.tests.test_payroll.TestCleanup" name="test_terminate_test_employees" time="0.588" /><testcase classname="backend.tests.test_payroll.TestCleanup" name="test_delete_test_departments" time="0.336" /></testsuite></testsuites>