<?xml version="1.0" encoding="utf-8"?><testsuites name="pytest tests"><testsuite name="pytest" errors="0" failures="0" skipped="0" tests="10" time="4.736" timestamp="2026-02-18T07:43:40.644488+00:00" hostname="agent-env-e852d316-95c4-4932-9ee2-9561659b8294"><testcase classname="backend.tests.test_payment_bank_balance.TestPaymentBankBalanceUpdate" name="test_login_success" time="0.722" /><testcase classname="backend.tests.test_payment_bank_balance.TestPaymentBankBalanceUpdate" name="test_get_bank_accounts" time="0.394" /><testcase classname="backend.tests.test_payment_bank_balance.TestPaymentBankBalanceUpdate" name="test_get_specific_bank_account" time="0.394" /><testcase classname="backend.tests.test_payment_bank_balance.TestPaymentBankBalanceUpdate" name="test_chart_of_accounts_has_ar" time="0.418" /><testcase classname="backend.tests.test_payment_bank_balance.TestPaymentBankBalanceUpdate" name="test_sales_orders_list" time="0.390" /><testcase classname="backend.tests.test_payment_bank_balance.TestPaymentBankBalanceUpdate" name="test_record_payment_increases_bank_balance" time="0.734" /><testcase classname="backend.tests.test_payment_bank_balance.TestPaymentBankBalanceUpdate" name="test_journal_entry_created_for_payment" time="0.396" /><testcase classname="backend.tests.test_payment_bank_balance.TestPaymentBankBalanceUpdate" name="test_chart_of_accounts_balance_updates" time="0.398" /><testcase classname="backend.tests.test_payment_bank_balance.TestPaymentBankBalanceUpdate" name="test_payment_modal_shows_bank_accounts" time="0.380" /><testcase classname="backend.tests.test_payment_bank_balance.TestEndToEndPaymentFlow" name="test_complete_payment_flow" time="0.437" /></testsuite></testsuites>