<?xml version="1.0" encoding="utf-8"?><testsuites name="pytest tests"><testsuite name="pytest" errors="0" failures="0" skipped="0" tests="11" time="1.941" timestamp="2026-03-08T16:34:00.747900+00:00" hostname="agent-env-8863e4d9-9a89-4fd4-b574-09c811d9eb52"><testcase classname="backend.tests.test_ot_payroll_integration.TestOTCalculation" name="test_attendance_settings_has_standard_work_hours" time="0.553" /><testcase classname="backend.tests.test_ot_payroll_integration.TestOTCalculation" name="test_9_hours_no_ot" time="0.173" /><testcase classname="backend.tests.test_ot_payroll_integration.TestOTCalculation" name="test_10_hours_1_hour_ot" time="0.113" /><testcase classname="backend.tests.test_ot_payroll_integration.TestOTCalculation" name="test_11_hours_2_hours_ot" time="0.113" /><testcase classname="backend.tests.test_ot_payroll_integration.TestOTCalculation" name="test_8_hours_no_ot" time="0.108" /><testcase classname="backend.tests.test_ot_payroll_integration.TestWeekendOT" name="test_weekend_ot_saturday" time="0.110" /><testcase classname="backend.tests.test_ot_payroll_integration.TestWeekendOT" name="test_weekend_ot_sunday" time="0.111" /><testcase classname="backend.tests.test_ot_payroll_integration.TestPayrollOTIntegration" name="test_payroll_fetches_attendance_ot" time="0.311" /><testcase classname="backend.tests.test_ot_payroll_integration.TestPayrollOTIntegration" name="test_payroll_ot_calculation_formula" time="0.109" /><testcase classname="backend.tests.test_ot_payroll_integration.TestMonthlySummaryOT" name="test_monthly_report_has_ot_column" time="0.060" /><testcase classname="backend.tests.test_ot_payroll_integration.TestGrossSalaryWithOT" name="test_gross_equals_basic_plus_allowances_plus_task_plus_ot" time="0.107" /></testsuite></testsuites>