<?xml version="1.0" encoding="utf-8"?><testsuites name="pytest tests"><testsuite name="pytest" errors="0" failures="0" skipped="0" tests="24" time="1.989" timestamp="2026-01-28T17:55:50.092754+00:00" hostname="agent-env-76bcb929-970a-4a21-a2c6-8dc05ba34253"><testcase classname="backend.tests.test_finance_admin.TestAuthFlow" name="test_login_success" time="0.308" /><testcase classname="backend.tests.test_finance_admin.TestAuthFlow" name="test_login_invalid_credentials" time="0.037" /><testcase classname="backend.tests.test_finance_admin.TestAuthFlow" name="test_get_current_user" time="0.294" /><testcase classname="backend.tests.test_finance_admin.TestChartOfAccounts" name="test_get_chart_of_accounts" time="0.043" /><testcase classname="backend.tests.test_finance_admin.TestChartOfAccounts" name="test_get_accounts_by_type" time="0.075" /><testcase classname="backend.tests.test_finance_admin.TestChartOfAccounts" name="test_create_account" time="0.037" /><testcase classname="backend.tests.test_finance_admin.TestChartOfAccounts" name="test_update_account" time="0.070" /><testcase classname="backend.tests.test_finance_admin.TestChartOfAccounts" name="test_cannot_delete_system_account" time="0.079" /><testcase classname="backend.tests.test_finance_admin.TestJournalEntries" name="test_create_balanced_journal_entry" time="0.086" /><testcase classname="backend.tests.test_finance_admin.TestJournalEntries" name="test_reject_unbalanced_entry" time="0.084" /><testcase classname="backend.tests.test_finance_admin.TestJournalEntries" name="test_get_journal_entries" time="0.037" /><testcase classname="backend.tests.test_finance_admin.TestGeneralLedger" name="test_get_general_ledger" time="0.051" /><testcase classname="backend.tests.test_finance_admin.TestGeneralLedger" name="test_get_ledger_by_account" time="0.075" /><testcase classname="backend.tests.test_finance_admin.TestFinancialReports" name="test_trial_balance" time="0.040" /><testcase classname="backend.tests.test_finance_admin.TestFinancialReports" name="test_profit_loss_report" time="0.033" /><testcase classname="backend.tests.test_finance_admin.TestFinancialReports" name="test_balance_sheet" time="0.102" /><testcase classname="backend.tests.test_finance_admin.TestFinancialReports" name="test_cash_flow_report" time="0.037" /><testcase classname="backend.tests.test_finance_admin.TestAdminSystemInfo" name="test_get_system_info" time="0.041" /><testcase classname="backend.tests.test_finance_admin.TestAdminSystemInfo" name="test_get_backups_list" time="0.033" /><testcase classname="backend.tests.test_finance_admin.TestAdminBackup" name="test_create_backup" time="0.058" /><testcase classname="backend.tests.test_finance_admin.TestAdminBackup" name="test_get_backup_details" time="0.077" /><testcase classname="backend.tests.test_finance_admin.TestAdminDataReset" name="test_reset_preview" time="0.039" /><testcase classname="backend.tests.test_finance_admin.TestAdminDataReset" name="test_reset_requires_confirmation" time="0.044" /><testcase classname="backend.tests.test_finance_admin.TestRestorePreview" name="test_restore_preview" time="0.070" /></testsuite></testsuites>