<?xml version="1.0" encoding="utf-8"?><testsuites name="pytest tests"><testsuite name="pytest" errors="0" failures="0" skipped="0" tests="18" time="10.180" timestamp="2026-03-07T18:16:47.530632+00:00" hostname="agent-env-c8ff60ed-dffe-44bc-8567-854697e265ec"><testcase classname="backend.tests.test_rm_procurement.TestRMProcurementAuth" name="test_login_success" time="0.556" /><testcase classname="backend.tests.test_rm_procurement.TestRMSuppliers" name="test_get_rm_suppliers" time="0.455" /><testcase classname="backend.tests.test_rm_procurement.TestRMSuppliers" name="test_create_rm_supplier" time="0.462" /><testcase classname="backend.tests.test_rm_procurement.TestRMSuppliers" name="test_get_rm_supplier_by_id" time="0.665" /><testcase classname="backend.tests.test_rm_procurement.TestRMSuppliers" name="test_update_rm_supplier" time="0.571" /><testcase classname="backend.tests.test_rm_procurement.TestRMSuppliers" name="test_search_rm_suppliers" time="0.435" /><testcase classname="backend.tests.test_rm_procurement.TestRMPurchaseOrders" name="test_get_rm_purchase_orders" time="0.450" /><testcase classname="backend.tests.test_rm_procurement.TestRMPurchaseOrders" name="test_get_rm_purchase_orders_by_status" time="0.823" /><testcase classname="backend.tests.test_rm_procurement.TestRMPurchaseOrders" name="test_create_rm_purchase_order" time="0.686" /><testcase classname="backend.tests.test_rm_procurement.TestRMPurchaseOrders" name="test_get_rm_purchase_order_by_id" time="0.567" /><testcase classname="backend.tests.test_rm_procurement.TestRMPurchaseOrders" name="test_approve_rm_purchase_order" time="0.573" /><testcase classname="backend.tests.test_rm_procurement.TestRMGRN" name="test_get_rm_grns" time="0.444" /><testcase classname="backend.tests.test_rm_procurement.TestRMGRN" name="test_create_rm_grn" time="0.767" /><testcase classname="backend.tests.test_rm_procurement.TestRMGRN" name="test_get_rm_grn_by_id" time="0.544" /><testcase classname="backend.tests.test_rm_procurement.TestRMGRNReturns" name="test_get_rm_grn_returns" time="0.440" /><testcase classname="backend.tests.test_rm_procurement.TestRMGRNReturns" name="test_create_rm_grn_return_credit" time="0.651" /><testcase classname="backend.tests.test_rm_procurement.TestRMAccountsPayable" name="test_get_rm_accounts_payable" time="0.442" /><testcase classname="backend.tests.test_rm_procurement.TestRMProcurementCleanup" name="test_cleanup_test_suppliers" time="0.563" /></testsuite></testsuites>