<?xml version="1.0" encoding="utf-8"?><testsuites name="pytest tests"><testsuite name="pytest" errors="0" failures="0" skipped="0" tests="8" time="3.543" timestamp="2026-02-25T11:35:36.138036+00:00" hostname="agent-env-83d6e06f-ef28-4208-817e-7deac1639fb8"><testcase classname="backend.tests.test_raw_material_stock_bank.TestRawMaterialAddStockWithBank" name="test_01_get_raw_materials_list" time="0.388" /><testcase classname="backend.tests.test_raw_material_stock_bank.TestRawMaterialAddStockWithBank" name="test_02_get_bank_accounts_list" time="0.366" /><testcase classname="backend.tests.test_raw_material_stock_bank.TestRawMaterialAddStockWithBank" name="test_03_add_stock_without_bank_account" time="0.435" /><testcase classname="backend.tests.test_raw_material_stock_bank.TestRawMaterialAddStockWithBank" name="test_04_add_stock_with_bank_account_creates_journal_entry" time="0.672" /><testcase classname="backend.tests.test_raw_material_stock_bank.TestRawMaterialAddStockWithBank" name="test_05_journal_entry_has_rm_prefix" time="0.371" /><testcase classname="backend.tests.test_raw_material_stock_bank.TestRawMaterialAddStockWithBank" name="test_06_manufacturing_filter_includes_raw_material_purchases" time="0.377" /><testcase classname="backend.tests.test_raw_material_stock_bank.TestRawMaterialAddStockWithBank" name="test_07_add_stock_auto_calculates_total_cost" time="0.423" /><testcase classname="backend.tests.test_raw_material_stock_bank.TestAddStockDialogFields" name="test_add_stock_accepts_all_fields" time="0.466" /></testsuite></testsuites>