<?xml version="1.0" encoding="utf-8"?><testsuites name="pytest tests"><testsuite name="pytest" errors="0" failures="0" skipped="0" tests="12" time="5.274" timestamp="2026-02-16T17:07:46.019695+00:00" hostname="agent-env-94628fc7-a48d-4402-a921-eb6a126fdca6"><testcase classname="backend.tests.test_cogs_journal_entries.TestAuthentication" name="test_login_success" time="0.485" /><testcase classname="backend.tests.test_cogs_journal_entries.TestAuthentication" name="test_get_current_user_with_company_name" time="0.441" /><testcase classname="backend.tests.test_cogs_journal_entries.TestChartOfAccountsAutoCode" name="test_get_chart_of_accounts" time="0.585" /><testcase classname="backend.tests.test_cogs_journal_entries.TestChartOfAccountsAutoCode" name="test_auto_generate_code_for_asset" time="0.061" /><testcase classname="backend.tests.test_cogs_journal_entries.TestChartOfAccountsAutoCode" name="test_auto_generate_code_for_expense" time="0.067" /><testcase classname="backend.tests.test_cogs_journal_entries.TestChartOfAccountsAutoCode" name="test_auto_generate_code_for_income" time="0.056" /><testcase classname="backend.tests.test_cogs_journal_entries.TestChartOfAccountsAutoCode" name="test_create_account_with_auto_code" time="0.171" /><testcase classname="backend.tests.test_cogs_journal_entries.TestCOGSJournalEntries" name="test_create_sales_order_creates_revenue_journal_entry" time="0.905" /><testcase classname="backend.tests.test_cogs_journal_entries.TestCOGSJournalEntries" name="test_create_sales_order_creates_cogs_journal_entry" time="0.782" /><testcase classname="backend.tests.test_cogs_journal_entries.TestCOGSJournalEntries" name="test_sales_return_reverses_revenue_entry" time="0.443" /><testcase classname="backend.tests.test_cogs_journal_entries.TestCOGSJournalEntries" name="test_sales_return_reverses_cogs_entry" time="0.706" /><testcase classname="backend.tests.test_cogs_journal_entries.TestJournalEntryBalance" name="test_all_entries_are_balanced" time="0.489" /></testsuite></testsuites>