<?xml version="1.0" encoding="utf-8"?><testsuites name="pytest tests"><testsuite name="pytest" errors="0" failures="3" skipped="0" tests="10" time="5.014" timestamp="2026-02-18T07:42:24.812380+00:00" hostname="agent-env-e852d316-95c4-4932-9ee2-9561659b8294"><testcase classname="backend.tests.test_payment_bank_balance.TestPaymentBankBalanceUpdate" name="test_login_success" time="0.688" /><testcase classname="backend.tests.test_payment_bank_balance.TestPaymentBankBalanceUpdate" name="test_get_bank_accounts" time="0.395" /><testcase classname="backend.tests.test_payment_bank_balance.TestPaymentBankBalanceUpdate" name="test_get_specific_bank_account" time="0.417" /><testcase classname="backend.tests.test_payment_bank_balance.TestPaymentBankBalanceUpdate" name="test_chart_of_accounts_has_ar" time="0.394"><failure message="assert 404 == 200&#10; +  where 404 = &lt;Response [404]&gt;.status_code">backend/tests/test_payment_bank_balance.py:89: in test_chart_of_accounts_has_ar
    assert response.status_code == 200
E   assert 404 == 200
E    +  where 404 = &lt;Response [404]&gt;.status_code</failure></testcase><testcase classname="backend.tests.test_payment_bank_balance.TestPaymentBankBalanceUpdate" name="test_sales_orders_list" time="0.401" /><testcase classname="backend.tests.test_payment_bank_balance.TestPaymentBankBalanceUpdate" name="test_record_payment_increases_bank_balance" time="0.828" /><testcase classname="backend.tests.test_payment_bank_balance.TestPaymentBankBalanceUpdate" name="test_journal_entry_created_for_payment" time="0.416"><failure message="assert 404 == 200&#10; +  where 404 = &lt;Response [404]&gt;.status_code">backend/tests/test_payment_bank_balance.py:255: in test_journal_entry_created_for_payment
    assert response.status_code == 200
E   assert 404 == 200
E    +  where 404 = &lt;Response [404]&gt;.status_code</failure></testcase><testcase classname="backend.tests.test_payment_bank_balance.TestPaymentBankBalanceUpdate" name="test_chart_of_accounts_balance_updates" time="0.379"><failure message="assert 404 == 200&#10; +  where 404 = &lt;Response [404]&gt;.status_code">backend/tests/test_payment_bank_balance.py:286: in test_chart_of_accounts_balance_updates
    assert response.status_code == 200
E   assert 404 == 200
E    +  where 404 = &lt;Response [404]&gt;.status_code</failure></testcase><testcase classname="backend.tests.test_payment_bank_balance.TestPaymentBankBalanceUpdate" name="test_payment_modal_shows_bank_accounts" time="0.407" /><testcase classname="backend.tests.test_payment_bank_balance.TestEndToEndPaymentFlow" name="test_complete_payment_flow" time="0.442" /></testsuite></testsuites>