<?xml version="1.0" encoding="utf-8"?><testsuites name="pytest tests"><testsuite name="pytest" errors="0" failures="0" skipped="0" tests="14" time="7.361" timestamp="2026-03-10T14:51:55.840272+00:00" hostname="agent-env-54812b7c-c190-4e4f-9e48-a5f6567fa2f1"><testcase classname="backend.tests.test_packaging_refactor.TestPackagingRefactor" name="test_packaging_items_endpoint_removed" time="0.494" /><testcase classname="backend.tests.test_packaging_refactor.TestPackagingRefactor" name="test_packaging_items_create_endpoint_removed" time="0.466" /><testcase classname="backend.tests.test_packaging_refactor.TestPackagingRefactor" name="test_packaging_rules_get_all" time="0.464" /><testcase classname="backend.tests.test_packaging_refactor.TestPackagingRefactor" name="test_create_test_products_for_rule" time="0.602" /><testcase classname="backend.tests.test_packaging_refactor.TestPackagingRefactor" name="test_create_packaging_rule" time="0.471" /><testcase classname="backend.tests.test_packaging_refactor.TestPackagingRefactor" name="test_get_packaging_rule_for_product" time="0.480" /><testcase classname="backend.tests.test_packaging_refactor.TestPackagingRefactor" name="test_update_packaging_rule" time="0.438" /><testcase classname="backend.tests.test_packaging_refactor.TestPackagingRefactor" name="test_create_test_customer" time="0.481" /><testcase classname="backend.tests.test_packaging_refactor.TestPackagingRefactor" name="test_sales_order_deducts_packaging" time="0.940" /><testcase classname="backend.tests.test_packaging_refactor.TestPackagingRefactor" name="test_inventory_movements_recorded" time="0.456" /><testcase classname="backend.tests.test_packaging_refactor.TestPackagingRefactor" name="test_cleanup_delete_rule" time="0.466" /><testcase classname="backend.tests.test_packaging_refactor.TestPackagingRefactor" name="test_cleanup_delete_products" time="0.623" /><testcase classname="backend.tests.test_packaging_refactor.TestPackagingRefactor" name="test_cleanup_delete_customer" time="0.439" /><testcase classname="backend.tests.test_packaging_refactor.TestExistingPackagingData" name="test_existing_packaging_rules_have_product_details" time="0.485" /></testsuite></testsuites>