<?xml version="1.0" encoding="utf-8"?><testsuites name="pytest tests"><testsuite name="pytest" errors="0" failures="0" skipped="0" tests="22" time="13.563" timestamp="2026-03-08T15:30:45.840945+00:00" hostname="agent-env-8863e4d9-9a89-4fd4-b574-09c811d9eb52"><testcase classname="backend.tests.test_task_assignments.TestTaskAssignmentsAPI" name="test_get_tasks_list" time="0.579" /><testcase classname="backend.tests.test_task_assignments.TestTaskAssignmentsAPI" name="test_get_tasks_filter_by_status" time="0.765" /><testcase classname="backend.tests.test_task_assignments.TestTaskAssignmentsAPI" name="test_get_tasks_filter_by_category" time="0.819" /><testcase classname="backend.tests.test_task_assignments.TestTaskAssignmentsAPI" name="test_get_tasks_filter_by_employee" time="0.495" /><testcase classname="backend.tests.test_task_assignments.TestTaskAssignmentsAPI" name="test_get_pending_payment_tasks" time="0.504" /><testcase classname="backend.tests.test_task_assignments.TestTaskAssignmentsAPI" name="test_get_task_categories" time="0.504" /><testcase classname="backend.tests.test_task_assignments.TestTaskAssignmentsAPI" name="test_create_task_success" time="0.582" /><testcase classname="backend.tests.test_task_assignments.TestTaskAssignmentsAPI" name="test_create_task_minimal_fields" time="0.562" /><testcase classname="backend.tests.test_task_assignments.TestTaskAssignmentsAPI" name="test_create_task_invalid_employee" time="0.576" /><testcase classname="backend.tests.test_task_assignments.TestTaskAssignmentsAPI" name="test_get_task_details" time="0.633" /><testcase classname="backend.tests.test_task_assignments.TestTaskAssignmentsAPI" name="test_get_task_not_found" time="0.486" /><testcase classname="backend.tests.test_task_assignments.TestTaskAssignmentsAPI" name="test_update_task" time="0.702" /><testcase classname="backend.tests.test_task_assignments.TestTaskAssignmentsAPI" name="test_task_status_workflow_assigned_to_in_progress" time="0.653" /><testcase classname="backend.tests.test_task_assignments.TestTaskAssignmentsAPI" name="test_task_status_workflow_in_progress_to_completed" time="0.762" /><testcase classname="backend.tests.test_task_assignments.TestTaskAssignmentsAPI" name="test_task_status_workflow_completed_to_verified" time="0.762" /><testcase classname="backend.tests.test_task_assignments.TestTaskAssignmentsAPI" name="test_task_status_workflow_reject_task" time="0.780" /><testcase classname="backend.tests.test_task_assignments.TestTaskAssignmentsAPI" name="test_task_status_workflow_cancel_task" time="0.617" /><testcase classname="backend.tests.test_task_assignments.TestTaskAssignmentsAPI" name="test_cannot_start_already_started_task" time="0.696" /><testcase classname="backend.tests.test_task_assignments.TestTaskAssignmentsAPI" name="test_cannot_verify_non_completed_task" time="0.705" /><testcase classname="backend.tests.test_task_assignments.TestTaskAssignmentsAPI" name="test_get_employee_task_summary" time="0.515" /><testcase classname="backend.tests.test_task_assignments.TestExistingVerifiedTask" name="test_verified_task_exists" time="0.391" /><testcase classname="backend.tests.test_task_assignments.TestExistingVerifiedTask" name="test_pending_payment_stats" time="0.387" /></testsuite></testsuites>