<?xml version="1.0" encoding="utf-8"?><testsuites name="pytest tests"><testsuite name="pytest" errors="0" failures="5" skipped="0" tests="42" time="5.908" timestamp="2026-03-11T05:48:17.098001+00:00" hostname="agent-env-f971c84a-7e69-44bd-8e8b-9ea192d8c796"><testcase classname="backend.tests.test_comprehensive_erp.TestAuth" name="test_login_success" time="1.021" /><testcase classname="backend.tests.test_comprehensive_erp.TestAuth" name="test_login_invalid_credentials" time="0.160" /><testcase classname="backend.tests.test_comprehensive_erp.TestAuth" name="test_get_me" time="0.149" /><testcase classname="backend.tests.test_comprehensive_erp.TestDashboard" name="test_dashboard_stats" time="0.104"><failure message="assert 404 == 200&#10; +  where 404 = &lt;Response [404]&gt;.status_code">backend/tests/test_comprehensive_erp.py:90: in test_dashboard_stats
    assert response.status_code == 200
E   assert 404 == 200
E    +  where 404 = &lt;Response [404]&gt;.status_code</failure></testcase><testcase classname="backend.tests.test_comprehensive_erp.TestProducts" name="test_list_products" time="0.137" /><testcase classname="backend.tests.test_comprehensive_erp.TestProducts" name="test_create_product" time="0.113" /><testcase classname="backend.tests.test_comprehensive_erp.TestProducts" name="test_get_product" time="0.110" /><testcase classname="backend.tests.test_comprehensive_erp.TestProducts" name="test_update_product" time="0.147" /><testcase classname="backend.tests.test_comprehensive_erp.TestInventory" name="test_inventory_valuation" time="0.100"><failure message="assert 500 == 200&#10; +  where 500 = &lt;Response [500]&gt;.status_code">backend/tests/test_comprehensive_erp.py:158: in test_inventory_valuation
    assert response.status_code == 200
E   assert 500 == 200
E    +  where 500 = &lt;Response [500]&gt;.status_code</failure></testcase><testcase classname="backend.tests.test_comprehensive_erp.TestInventory" name="test_low_stock_products" time="0.100" /><testcase classname="backend.tests.test_comprehensive_erp.TestSuppliers" name="test_list_suppliers" time="0.110" /><testcase classname="backend.tests.test_comprehensive_erp.TestSuppliers" name="test_create_supplier" time="0.099" /><testcase classname="backend.tests.test_comprehensive_erp.TestSuppliers" name="test_get_supplier" time="0.114" /><testcase classname="backend.tests.test_comprehensive_erp.TestCustomers" name="test_list_customers" time="0.108" /><testcase classname="backend.tests.test_comprehensive_erp.TestCustomers" name="test_create_customer" time="0.105" /><testcase classname="backend.tests.test_comprehensive_erp.TestPurchaseOrders" name="test_list_purchase_orders" time="0.116" /><testcase classname="backend.tests.test_comprehensive_erp.TestPurchaseOrders" name="test_get_purchase_order" time="0.150"><failure message="AssertionError: assert 'order_number' in {'company_id': '9ff7207b-bbb7-4c8d-85b9-790ef6c77f99', 'created_at': '2026-03-04T05:46:28.871791', 'id': '57de48e9-4308-49d0-aeb5-4dce736d4e00', 'items': [{'product_id': '1dfe9628-969a-40c8-975a-3176dbeb6991', 'product_name': 'Zip-Up Hoodie', 'quantity': 42, 'sku': 'URBN-HD002', ...}, {'product_id': '92c24d35-51ac-4d1a-a38e-319104934dc7', 'product_name': 'Shorts - Summer Edition', 'quantity': 23, 'sku': 'URBN-SH001', ...}, {'product_id': 'f5c651b7-97f9-4059-a528-6288046814a2', 'product_name': 'Crew Socks (3-Pack)', 'quantity': 24, 'sku': 'URBN-SK001', ...}, {'product_id': '77c9976f-b940-4504-a176-5528d0c155c1', 'product_name': 'Jogger Pants', 'quantity': 48, 'sku': 'URBN-PT002', ...}], ...}">backend/tests/test_comprehensive_erp.py:262: in test_get_purchase_order
    assert "order_number" in data
E   AssertionError: assert 'order_number' in {'company_id': '9ff7207b-bbb7-4c8d-85b9-790ef6c77f99', 'created_at': '2026-03-04T05:46:28.871791', 'id': '57de48e9-4308-49d0-aeb5-4dce736d4e00', 'items': [{'product_id': '1dfe9628-969a-40c8-975a-3176dbeb6991', 'product_name': 'Zip-Up Hoodie', 'quantity': 42, 'sku': 'URBN-HD002', ...}, {'product_id': '92c24d35-51ac-4d1a-a38e-319104934dc7', 'product_name': 'Shorts - Summer Edition', 'quantity': 23, 'sku': 'URBN-SH001', ...}, {'product_id': 'f5c651b7-97f9-4059-a528-6288046814a2', 'product_name': 'Crew Socks (3-Pack)', 'quantity': 24, 'sku': 'URBN-SK001', ...}, {'product_id': '77c9976f-b940-4504-a176-5528d0c155c1', 'product_name': 'Jogger Pants', 'quantity': 48, 'sku': 'URBN-PT002', ...}], ...}</failure></testcase><testcase classname="backend.tests.test_comprehensive_erp.TestGRN" name="test_list_grns" time="0.135" /><testcase classname="backend.tests.test_comprehensive_erp.TestSalesOrders" name="test_list_sales_orders" time="0.114" /><testcase classname="backend.tests.test_comprehensive_erp.TestSalesOrders" name="test_get_sales_order" time="0.104" /><testcase classname="backend.tests.test_comprehensive_erp.TestInvoices" name="test_list_invoices" time="0.119" /><testcase classname="backend.tests.test_comprehensive_erp.TestPayments" name="test_list_payments" time="0.103" /><testcase classname="backend.tests.test_comprehensive_erp.TestBankAccounts" name="test_list_bank_accounts" time="0.122" /><testcase classname="backend.tests.test_comprehensive_erp.TestChartOfAccounts" name="test_get_chart_of_accounts" time="0.106" /><testcase classname="backend.tests.test_comprehensive_erp.TestFinancialReports" name="test_trial_balance" time="0.110" /><testcase classname="backend.tests.test_comprehensive_erp.TestFinancialReports" name="test_profit_loss" time="0.115" /><testcase classname="backend.tests.test_comprehensive_erp.TestFinancialReports" name="test_balance_sheet" time="0.109"><failure message="assert 500 == 200&#10; +  where 500 = &lt;Response [500]&gt;.status_code">backend/tests/test_comprehensive_erp.py:381: in test_balance_sheet
    assert response.status_code == 200
E   assert 500 == 200
E    +  where 500 = &lt;Response [500]&gt;.status_code</failure></testcase><testcase classname="backend.tests.test_comprehensive_erp.TestDepartments" name="test_list_departments" time="0.114" /><testcase classname="backend.tests.test_comprehensive_erp.TestDesignations" name="test_list_designations" time="0.108" /><testcase classname="backend.tests.test_comprehensive_erp.TestEmployees" name="test_list_employees" time="0.106" /><testcase classname="backend.tests.test_comprehensive_erp.TestEmployees" name="test_get_employee" time="0.109" /><testcase classname="backend.tests.test_comprehensive_erp.TestAttendance" name="test_list_attendance" time="0.105" /><testcase classname="backend.tests.test_comprehensive_erp.TestLeaveManagement" name="test_list_leave_requests" time="0.098" /><testcase classname="backend.tests.test_comprehensive_erp.TestLeaveManagement" name="test_list_leave_balances" time="0.109" /><testcase classname="backend.tests.test_comprehensive_erp.TestAdvancesLoans" name="test_list_advances" time="0.105" /><testcase classname="backend.tests.test_comprehensive_erp.TestTaskAssignments" name="test_list_tasks" time="0.102" /><testcase classname="backend.tests.test_comprehensive_erp.TestPayroll" name="test_list_payrolls" time="0.116" /><testcase classname="backend.tests.test_comprehensive_erp.TestNotifications" name="test_list_notifications" time="0.120" /><testcase classname="backend.tests.test_comprehensive_erp.TestNotifications" name="test_get_notification_preferences" time="0.107" /><testcase classname="backend.tests.test_comprehensive_erp.TestEmployeePortal" name="test_my_dashboard" time="0.107" /><testcase classname="backend.tests.test_comprehensive_erp.TestEmployeePortal" name="test_my_profile" time="0.102" /><testcase classname="backend.tests.test_comprehensive_erp.TestQuickTransactions" name="test_list_quick_transactions" time="0.099"><failure message="assert 404 == 200&#10; +  where 404 = &lt;Response [404]&gt;.status_code">backend/tests/test_comprehensive_erp.py:564: in test_list_quick_transactions
    assert response.status_code == 200
E   assert 404 == 200
E    +  where 404 = &lt;Response [404]&gt;.status_code</failure></testcase></testsuite></testsuites>