<?xml version="1.0" encoding="utf-8"?><testsuites name="pytest tests"><testsuite name="pytest" errors="0" failures="0" skipped="1" tests="14" time="10.227" timestamp="2026-02-16T16:52:26.105580+00:00" hostname="agent-env-94628fc7-a48d-4402-a921-eb6a126fdca6"><testcase classname="backend.tests.test_bank_account_integration.TestBankAccountIntegration" name="test_get_bank_accounts" time="0.629" /><testcase classname="backend.tests.test_bank_account_integration.TestBankAccountIntegration" name="test_create_bank_account" time="0.706" /><testcase classname="backend.tests.test_bank_account_integration.TestBankAccountIntegration" name="test_get_investors" time="0.546" /><testcase classname="backend.tests.test_bank_account_integration.TestBankAccountIntegration" name="test_capital_investment_with_bank_account" time="0.925" /><testcase classname="backend.tests.test_bank_account_integration.TestBankAccountIntegration" name="test_capital_withdrawal_with_bank_account" time="1.519" /><testcase classname="backend.tests.test_bank_account_integration.TestBankAccountIntegration" name="test_expense_payment_with_bank_account" time="0.823" /><testcase classname="backend.tests.test_bank_account_integration.TestBankAccountIntegration" name="test_salary_payment_with_bank_account" time="0.990" /><testcase classname="backend.tests.test_bank_account_integration.TestBankAccountIntegration" name="test_revenue_receipt_with_bank_account" time="0.688" /><testcase classname="backend.tests.test_bank_account_integration.TestBankAccountIntegration" name="test_loan_received_with_bank_account" time="0.606" /><testcase classname="backend.tests.test_bank_account_integration.TestBankAccountIntegration" name="test_loan_repayment_with_bank_account" time="0.641" /><testcase classname="backend.tests.test_bank_account_integration.TestBankAccountIntegration" name="test_purchase_order_payment_with_bank_account" time="0.488"><skipped type="pytest.skip" message="No unpaid purchase orders found">/app/backend/tests/test_bank_account_integration.py:459: No unpaid purchase orders found</skipped></testcase><testcase classname="backend.tests.test_bank_account_integration.TestBankAccountIntegration" name="test_journal_entries_contain_bank_account" time="0.499" /><testcase classname="backend.tests.test_bank_account_integration.TestBankAccountModel" name="test_create_cash_account" time="0.556" /><testcase classname="backend.tests.test_bank_account_integration.TestBankAccountModel" name="test_bank_account_has_chart_account_code" time="0.481" /></testsuite></testsuites>