<?xml version="1.0" encoding="utf-8"?><testsuites name="pytest tests"><testsuite name="pytest" errors="0" failures="1" skipped="0" tests="19" time="10.052" timestamp="2026-03-08T17:20:26.872382+00:00" hostname="agent-env-083adb2e-5242-422d-89ca-92025475f7dc"><testcase classname="backend.tests.test_backup_restore.TestBackupRestoreAPI" name="test_system_info_endpoint" time="0.525" /><testcase classname="backend.tests.test_backup_restore.TestBackupRestoreAPI" name="test_list_backups_endpoint" time="0.457" /><testcase classname="backend.tests.test_backup_restore.TestBackupRestoreAPI" name="test_create_backup_with_name" time="0.477" /><testcase classname="backend.tests.test_backup_restore.TestBackupRestoreAPI" name="test_create_backup_without_name" time="0.473" /><testcase classname="backend.tests.test_backup_restore.TestBackupRestoreAPI" name="test_get_backup_details" time="0.578" /><testcase classname="backend.tests.test_backup_restore.TestBackupRestoreAPI" name="test_get_nonexistent_backup_returns_404" time="0.438" /><testcase classname="backend.tests.test_backup_restore.TestBackupRestoreAPI" name="test_download_backup" time="0.571" /><testcase classname="backend.tests.test_backup_restore.TestBackupRestoreAPI" name="test_upload_backup_valid_json" time="0.462" /><testcase classname="backend.tests.test_backup_restore.TestBackupRestoreAPI" name="test_upload_backup_valid_gzip" time="0.444" /><testcase classname="backend.tests.test_backup_restore.TestBackupRestoreAPI" name="test_upload_backup_invalid_format" time="0.437" /><testcase classname="backend.tests.test_backup_restore.TestBackupRestoreAPI" name="test_upload_backup_missing_collections" time="0.459"><failure message="assert 500 == 400&#10; +  where 500 = &lt;Response [500]&gt;.status_code">backend/tests/test_backup_restore.py:290: in test_upload_backup_missing_collections
    assert response.status_code == 400
E   assert 500 == 400
E    +  where 500 = &lt;Response [500]&gt;.status_code</failure></testcase><testcase classname="backend.tests.test_backup_restore.TestBackupRestoreAPI" name="test_restore_preview" time="0.577" /><testcase classname="backend.tests.test_backup_restore.TestBackupRestoreAPI" name="test_restore_without_confirmation_fails" time="0.571" /><testcase classname="backend.tests.test_backup_restore.TestBackupRestoreAPI" name="test_delete_backup" time="0.681" /><testcase classname="backend.tests.test_backup_restore.TestBackupRestoreAPI" name="test_delete_nonexistent_backup_returns_404" time="0.445" /><testcase classname="backend.tests.test_backup_restore.TestBackupRestoreAPI" name="test_reset_preview_transactional" time="0.451" /><testcase classname="backend.tests.test_backup_restore.TestBackupRestoreAPI" name="test_reset_preview_full" time="0.455" /><testcase classname="backend.tests.test_backup_restore.TestBackupRestoreAPI" name="test_non_admin_access_denied" time="0.438" /><testcase classname="backend.tests.test_backup_restore.TestUploadedBackupBadge" name="test_uploaded_backup_has_flag" time="1.032" /></testsuite></testsuites>