<?xml version="1.0" encoding="utf-8"?><testsuites name="pytest tests"><testsuite name="pytest" errors="0" failures="0" skipped="0" tests="20" time="7.321" timestamp="2026-03-10T17:55:12.087866+00:00" hostname="agent-env-54812b7c-c190-4e4f-9e48-a5f6567fa2f1"><testcase classname="backend.tests.test_employee_portal.TestTaskCategories" name="test_get_task_categories" time="0.510" /><testcase classname="backend.tests.test_employee_portal.TestTaskCategories" name="test_create_task_category" time="0.147" /><testcase classname="backend.tests.test_employee_portal.TestTaskCategories" name="test_update_task_category" time="0.325" /><testcase classname="backend.tests.test_employee_portal.TestTaskCategories" name="test_delete_task_category" time="0.247" /><testcase classname="backend.tests.test_employee_portal.TestTaskCategories" name="test_category_duplicate_name_rejected" time="0.238" /><testcase classname="backend.tests.test_employee_portal.TestEnhancedTasks" name="test_get_tasks" time="0.137" /><testcase classname="backend.tests.test_employee_portal.TestEnhancedTasks" name="test_get_tasks_with_filters" time="0.245" /><testcase classname="backend.tests.test_employee_portal.TestEnhancedTasks" name="test_get_task_detail" time="0.247" /><testcase classname="backend.tests.test_employee_portal.TestEnhancedTasks" name="test_create_task" time="0.340" /><testcase classname="backend.tests.test_employee_portal.TestEnhancedTasks" name="test_update_task" time="0.263" /><testcase classname="backend.tests.test_employee_portal.TestTaskWorkflow" name="test_start_task" time="0.243" /><testcase classname="backend.tests.test_employee_portal.TestTaskWorkflow" name="test_complete_task" time="0.488" /><testcase classname="backend.tests.test_employee_portal.TestTaskWorkflow" name="test_verify_task" time="0.670" /><testcase classname="backend.tests.test_employee_portal.TestTaskWorkflow" name="test_reject_task" time="0.727" /><testcase classname="backend.tests.test_employee_portal.TestSubtasks" name="test_add_subtask" time="0.209" /><testcase classname="backend.tests.test_employee_portal.TestSubtasks" name="test_toggle_subtask_completion" time="0.434" /><testcase classname="backend.tests.test_employee_portal.TestComments" name="test_add_comment" time="0.284" /><testcase classname="backend.tests.test_employee_portal.TestTimeLogs" name="test_add_time_log" time="0.231" /><testcase classname="backend.tests.test_employee_portal.TestMyDashboard" name="test_get_dashboard" time="0.119" /><testcase classname="backend.tests.test_employee_portal.TestCleanup" name="test_cleanup_test_categories" time="1.126" /></testsuite></testsuites>