<?xml version="1.0" encoding="utf-8"?><testsuites name="pytest tests"><testsuite name="pytest" errors="0" failures="0" skipped="0" tests="17" time="2.701" timestamp="2026-03-08T16:23:57.873474+00:00" hostname="agent-env-8863e4d9-9a89-4fd4-b574-09c811d9eb52"><testcase classname="backend.tests.test_attendance.TestAttendanceSettings" name="test_get_attendance_settings" time="0.499" /><testcase classname="backend.tests.test_attendance.TestDailyAttendance" name="test_get_daily_attendance" time="0.061" /><testcase classname="backend.tests.test_attendance.TestDailyAttendance" name="test_get_daily_attendance_with_weekend_detection" time="0.064" /><testcase classname="backend.tests.test_attendance.TestCreateAttendance" name="test_create_single_attendance" time="0.204" /><testcase classname="backend.tests.test_attendance.TestCreateAttendance" name="test_create_half_day_attendance" time="0.120" /><testcase classname="backend.tests.test_attendance.TestCreateAttendance" name="test_create_late_attendance" time="0.117" /><testcase classname="backend.tests.test_attendance.TestCreateAttendance" name="test_create_absent_attendance" time="0.063" /><testcase classname="backend.tests.test_attendance.TestCreateAttendance" name="test_create_on_leave_attendance" time="0.073" /><testcase classname="backend.tests.test_attendance.TestBulkAttendance" name="test_create_bulk_attendance" time="0.208" /><testcase classname="backend.tests.test_attendance.TestOvertimeCalculation" name="test_weekday_overtime" time="0.174" /><testcase classname="backend.tests.test_attendance.TestOvertimeCalculation" name="test_weekend_overtime" time="0.063" /><testcase classname="backend.tests.test_attendance.TestEmployeeAttendanceSummary" name="test_get_employee_summary" time="0.064" /><testcase classname="backend.tests.test_attendance.TestMonthlyAttendanceReport" name="test_get_monthly_report" time="0.078" /><testcase classname="backend.tests.test_attendance.TestMonthlyAttendanceReport" name="test_get_monthly_report_with_department_filter" time="0.119" /><testcase classname="backend.tests.test_attendance.TestAttendanceValidation" name="test_invalid_employee_id" time="0.075" /><testcase classname="backend.tests.test_attendance.TestAttendanceValidation" name="test_update_existing_attendance" time="0.194" /><testcase classname="backend.tests.test_attendance.TestCleanup" name="test_cleanup_test_records" time="0.436" /></testsuite></testsuites>