<?xml version="1.0" encoding="utf-8"?><testsuites name="pytest tests"><testsuite name="pytest" errors="0" failures="0" skipped="0" tests="17" time="2.968" timestamp="2026-02-16T05:54:25.709429+00:00" hostname="agent-env-604a58e0-f4c4-4d48-ab3d-f43929bbd208"><testcase classname="tests.test_simple_finance.TestInvestorManagement" name="test_get_investors" time="0.571" /><testcase classname="tests.test_simple_finance.TestInvestorManagement" name="test_create_investor_with_capital_account" time="0.121" /><testcase classname="tests.test_simple_finance.TestInvestorManagement" name="test_investor_capital_account_in_chart_of_accounts" time="0.113" /><testcase classname="tests.test_simple_finance.TestCapitalInvestment" name="test_record_capital_investment" time="0.246" /><testcase classname="tests.test_simple_finance.TestCapitalInvestment" name="test_capital_investment_journal_entry_structure" time="0.139" /><testcase classname="tests.test_simple_finance.TestQuickTransactions" name="test_pay_salary" time="0.148" /><testcase classname="tests.test_simple_finance.TestQuickTransactions" name="test_salary_journal_entry_structure" time="0.123" /><testcase classname="tests.test_simple_finance.TestQuickTransactions" name="test_pay_expense" time="0.132" /><testcase classname="tests.test_simple_finance.TestQuickTransactions" name="test_expense_journal_entry_structure" time="0.123" /><testcase classname="tests.test_simple_finance.TestQuickTransactions" name="test_receive_revenue" time="0.106" /><testcase classname="tests.test_simple_finance.TestQuickTransactions" name="test_revenue_journal_entry_structure" time="0.108" /><testcase classname="tests.test_simple_finance.TestQuickTransactions" name="test_loan_receive" time="0.123" /><testcase classname="tests.test_simple_finance.TestQuickTransactions" name="test_loan_journal_entry_structure" time="0.113" /><testcase classname="tests.test_simple_finance.TestFinancialReports" name="test_trial_balance_is_balanced" time="0.295" /><testcase classname="tests.test_simple_finance.TestFinancialReports" name="test_profit_loss_report" time="0.121" /><testcase classname="tests.test_simple_finance.TestFinancialReports" name="test_balance_sheet_equation" time="0.133" /><testcase classname="tests.test_simple_finance.TestFinancialReports" name="test_recent_transactions" time="0.105" /></testsuite></testsuites>