<?xml version="1.0" encoding="utf-8"?><testsuites name="pytest tests"><testsuite name="pytest" errors="0" failures="2" skipped="0" tests="12" time="5.629" timestamp="2026-02-16T17:06:58.872828+00:00" hostname="agent-env-94628fc7-a48d-4402-a921-eb6a126fdca6"><testcase classname="backend.tests.test_cogs_journal_entries.TestAuthentication" name="test_login_success" time="0.663" /><testcase classname="backend.tests.test_cogs_journal_entries.TestAuthentication" name="test_get_current_user_with_company_name" time="0.502" /><testcase classname="backend.tests.test_cogs_journal_entries.TestChartOfAccountsAutoCode" name="test_get_chart_of_accounts" time="0.471" /><testcase classname="backend.tests.test_cogs_journal_entries.TestChartOfAccountsAutoCode" name="test_auto_generate_code_for_asset" time="0.149" /><testcase classname="backend.tests.test_cogs_journal_entries.TestChartOfAccountsAutoCode" name="test_auto_generate_code_for_expense" time="0.064"><failure message="AssertionError: Expense code should start with 5, got 6902&#10;assert False&#10; +  where False = &lt;built-in method startswith of str object at 0xfc9a50c26930&gt;('5')&#10; +    where &lt;built-in method startswith of str object at 0xfc9a50c26930&gt; = '6902'.startswith">backend/tests/test_cogs_journal_entries.py:120: in test_auto_generate_code_for_expense
    assert next_code.startswith("5"), f"Expense code should start with 5, got {next_code}"
E   AssertionError: Expense code should start with 5, got 6902
E   assert False
E    +  where False = &lt;built-in method startswith of str object at 0xfc9a50c26930&gt;('5')
E    +    where &lt;built-in method startswith of str object at 0xfc9a50c26930&gt; = '6902'.startswith</failure></testcase><testcase classname="backend.tests.test_cogs_journal_entries.TestChartOfAccountsAutoCode" name="test_auto_generate_code_for_income" time="0.096" /><testcase classname="backend.tests.test_cogs_journal_entries.TestChartOfAccountsAutoCode" name="test_create_account_with_auto_code" time="0.212" /><testcase classname="backend.tests.test_cogs_journal_entries.TestCOGSJournalEntries" name="test_create_sales_order_creates_revenue_journal_entry" time="1.246" /><testcase classname="backend.tests.test_cogs_journal_entries.TestCOGSJournalEntries" name="test_create_sales_order_creates_cogs_journal_entry" time="0.761"><failure message="AssertionError: COGS journal entry not found for order df01cce7-afc0-45f1-9aa3-2caef76680fb. Entries with this order_id: ['Sales Revenue - SO-20260216-2B33', 'Cost of Goods Sold - SO-20260216-2B33']&#10;assert 0 &gt;= 1&#10; +  where 0 = len([])">backend/tests/test_cogs_journal_entries.py:343: in test_create_sales_order_creates_cogs_journal_entry
    assert len(cogs_entries) &gt;= 1, f"COGS journal entry not found for order {order_id}. Entries with this order_id: {[e.get('description') for e in entries if e.get('reference_id') == order_id]}"
E   AssertionError: COGS journal entry not found for order df01cce7-afc0-45f1-9aa3-2caef76680fb. Entries with this order_id: ['Sales Revenue - SO-20260216-2B33', 'Cost of Goods Sold - SO-20260216-2B33']
E   assert 0 &gt;= 1
E    +  where 0 = len([])</failure></testcase><testcase classname="backend.tests.test_cogs_journal_entries.TestCOGSJournalEntries" name="test_sales_return_reverses_revenue_entry" time="0.314" /><testcase classname="backend.tests.test_cogs_journal_entries.TestCOGSJournalEntries" name="test_sales_return_reverses_cogs_entry" time="0.351" /><testcase classname="backend.tests.test_cogs_journal_entries.TestJournalEntryBalance" name="test_all_entries_are_balanced" time="0.690" /></testsuite></testsuites>