<?xml version="1.0" encoding="utf-8"?><testsuites name="pytest tests"><testsuite name="pytest" errors="0" failures="0" skipped="0" tests="13" time="4.642" timestamp="2026-02-16T07:43:46.435181+00:00" hostname="agent-env-9dbc374b-b257-448e-be3d-6844c8f24dec"><testcase classname="backend.tests.test_auto_code_business_name.TestDynamicBusinessName" name="test_auth_me_returns_company_name" time="0.572" /><testcase classname="backend.tests.test_auto_code_business_name.TestDynamicBusinessName" name="test_auth_me_company_name_matches_expected" time="0.114" /><testcase classname="backend.tests.test_auto_code_business_name.TestNextCodeEndpoint" name="test_next_code_asset" time="0.446" /><testcase classname="backend.tests.test_auto_code_business_name.TestNextCodeEndpoint" name="test_next_code_liability" time="0.108" /><testcase classname="backend.tests.test_auto_code_business_name.TestNextCodeEndpoint" name="test_next_code_equity" time="0.133" /><testcase classname="backend.tests.test_auto_code_business_name.TestNextCodeEndpoint" name="test_next_code_income" time="0.104" /><testcase classname="backend.tests.test_auto_code_business_name.TestNextCodeEndpoint" name="test_next_code_expense" time="0.321" /><testcase classname="backend.tests.test_auto_code_business_name.TestNextCodeEndpoint" name="test_next_code_invalid_type" time="0.115" /><testcase classname="backend.tests.test_auto_code_business_name.TestAutoGenerateAccountCode" name="test_create_expense_account_auto_code" time="0.635" /><testcase classname="backend.tests.test_auto_code_business_name.TestAutoGenerateAccountCode" name="test_create_asset_account_auto_code" time="0.314" /><testcase classname="backend.tests.test_auto_code_business_name.TestAutoGenerateAccountCode" name="test_create_account_with_empty_code_generates_code" time="0.285" /><testcase classname="backend.tests.test_auto_code_business_name.TestAutoGenerateAccountCode" name="test_sequential_code_generation" time="0.470" /><testcase classname="backend.tests.test_auto_code_business_name.TestAccountCodePrefixes" name="test_all_prefix_types" time="0.912" /></testsuite></testsuites>