<?xml version="1.0" encoding="utf-8"?><testsuites name="pytest tests"><testsuite name="pytest" errors="0" failures="0" skipped="0" tests="13" time="6.240" timestamp="2026-03-10T19:12:14.363168+00:00" hostname="agent-env-f971c84a-7e69-44bd-8e8b-9ea192d8c796"><testcase classname="tests.test_notifications.TestNotificationAPIs" name="test_get_notifications" time="0.489" /><testcase classname="tests.test_notifications.TestNotificationAPIs" name="test_get_unread_count" time="0.401" /><testcase classname="tests.test_notifications.TestNotificationAPIs" name="test_get_notifications_unread_only" time="0.445" /><testcase classname="tests.test_notifications.TestNotificationPreferences" name="test_get_preferences" time="0.437" /><testcase classname="tests.test_notifications.TestNotificationPreferences" name="test_update_preferences" time="0.535" /><testcase classname="tests.test_notifications.TestSMTPSettings" name="test_get_smtp_settings" time="0.399" /><testcase classname="tests.test_notifications.TestSMTPSettings" name="test_update_smtp_settings" time="0.482" /><testcase classname="tests.test_notifications.TestSendNotification" name="test_send_notification_to_self" time="0.415" /><testcase classname="tests.test_notifications.TestSendNotification" name="test_send_broadcast_notification" time="0.382" /><testcase classname="tests.test_notifications.TestNotificationActions" name="test_mark_notification_read" time="0.535" /><testcase classname="tests.test_notifications.TestNotificationActions" name="test_mark_all_read" time="0.485" /><testcase classname="tests.test_notifications.TestNotificationActions" name="test_delete_notification" time="0.708" /><testcase classname="tests.test_notifications.TestCleanup" name="test_clear_all_notifications" time="0.452" /></testsuite></testsuites>