<?xml version="1.0" encoding="utf-8"?><testsuites name="pytest tests"><testsuite name="pytest" errors="0" failures="0" skipped="0" tests="13" time="6.234" timestamp="2026-02-18T08:01:39.257180+00:00" hostname="agent-env-e852d316-95c4-4932-9ee2-9561659b8294"><testcase classname="backend.tests.test_financial_reports.TestUserAuthentication" name="test_login_main_user" time="0.418" /><testcase classname="backend.tests.test_financial_reports.TestUserAuthentication" name="test_login_test_user" time="0.362" /><testcase classname="backend.tests.test_financial_reports.TestAccountSeeding" name="test_new_user_registration_seeds_38_accounts" time="0.520" /><testcase classname="backend.tests.test_financial_reports.TestBalanceSheet" name="test_main_user_balance_sheet_is_balanced" time="0.429" /><testcase classname="backend.tests.test_financial_reports.TestBalanceSheet" name="test_test_user_balance_sheet_is_balanced" time="0.445" /><testcase classname="backend.tests.test_financial_reports.TestBalanceSheet" name="test_balance_sheet_includes_net_profit" time="0.455" /><testcase classname="backend.tests.test_financial_reports.TestTrialBalance" name="test_main_user_trial_balance_balanced" time="0.448" /><testcase classname="backend.tests.test_financial_reports.TestTrialBalance" name="test_test_user_trial_balance_balanced" time="0.479" /><testcase classname="backend.tests.test_financial_reports.TestProfitLoss" name="test_profit_loss_report" time="0.451" /><testcase classname="backend.tests.test_financial_reports.TestProfitLoss" name="test_profit_loss_consistent_with_balance_sheet" time="0.561" /><testcase classname="backend.tests.test_financial_reports.TestJournalEntryPrefixes" name="test_journal_entries_have_correct_prefixes" time="0.447" /><testcase classname="backend.tests.test_financial_reports.TestCapitalInvestment" name="test_capital_investment_creates_journal_entry" time="0.479" /><testcase classname="backend.tests.test_financial_reports.TestFinancialReportConsistency" name="test_reports_consistency" time="0.668" /></testsuite></testsuites>