<?xml version="1.0" encoding="utf-8"?><testsuites name="pytest tests"><testsuite name="pytest" errors="0" failures="0" skipped="2" tests="18" time="10.180" timestamp="2026-03-10T18:22:30.198895+00:00" hostname="agent-env-54812b7c-c190-4e4f-9e48-a5f6567fa2f1"><testcase classname="backend.tests.test_profile_roles.TestProfileManagementAPI" name="test_get_my_profile_returns_employee_data" time="0.675" /><testcase classname="backend.tests.test_profile_roles.TestProfileManagementAPI" name="test_update_my_profile_phone" time="0.620" /><testcase classname="backend.tests.test_profile_roles.TestProfileManagementAPI" name="test_update_my_profile_address" time="0.672" /><testcase classname="backend.tests.test_profile_roles.TestProfileManagementAPI" name="test_update_my_profile_emergency_contact" time="0.607" /><testcase classname="backend.tests.test_profile_roles.TestProfileManagementAPI" name="test_update_profile_verify_persistence" time="0.798" /><testcase classname="backend.tests.test_profile_roles.TestRolesAPI" name="test_admin_get_roles_returns_all_roles" time="0.487" /><testcase classname="backend.tests.test_profile_roles.TestRolesAPI" name="test_admin_get_my_permissions" time="0.498" /><testcase classname="backend.tests.test_profile_roles.TestRolesAPI" name="test_store_get_roles_filtered" time="0.457" /><testcase classname="backend.tests.test_profile_roles.TestRolesAPI" name="test_store_get_my_permissions" time="0.503" /><testcase classname="backend.tests.test_profile_roles.TestRolesAPI" name="test_employee_get_my_permissions" time="0.508" /><testcase classname="backend.tests.test_profile_roles.TestRoleAssignment" name="test_admin_can_assign_any_role" time="0.477"><skipped type="pytest.skip" message="No other user found to test role assignment">/app/backend/tests/test_profile_roles.py:327: No other user found to test role assignment</skipped></testcase><testcase classname="backend.tests.test_profile_roles.TestRoleAssignment" name="test_manager_can_create_permitted_roles" time="0.596" /><testcase classname="backend.tests.test_profile_roles.TestRoleAssignment" name="test_store_cannot_assign_roles" time="0.671" /><testcase classname="backend.tests.test_profile_roles.TestRoleAssignment" name="test_employee_cannot_assign_roles" time="0.467" /><testcase classname="backend.tests.test_profile_roles.TestRoleAssignment" name="test_invalid_role_rejected" time="0.507"><skipped type="pytest.skip" message="No other user found">/app/backend/tests/test_profile_roles.py:431: No other user found</skipped></testcase><testcase classname="backend.tests.test_profile_roles.TestRoleBasedAPIAccess" name="test_store_can_access_inventory" time="0.455" /><testcase classname="backend.tests.test_profile_roles.TestRoleBasedAPIAccess" name="test_store_cannot_access_payroll" time="0.487" /><testcase classname="backend.tests.test_profile_roles.TestRoleBasedAPIAccess" name="test_employee_can_access_portal_endpoints" time="0.597" /></testsuite></testsuites>