<?xml version="1.0" encoding="utf-8"?><testsuites name="pytest tests"><testsuite name="pytest" errors="0" failures="0" skipped="0" tests="14" time="1.295" timestamp="2026-01-28T22:03:12.964576+00:00" hostname="agent-env-512edf7f-a050-46ad-af3d-9878f4c59a44"><testcase classname="backend.tests.test_supplier_grn_po.TestSupplierCreation" name="test_create_supplier_with_valid_email" time="0.335" /><testcase classname="backend.tests.test_supplier_grn_po.TestSupplierCreation" name="test_create_supplier_with_invalid_email_format" time="0.038" /><testcase classname="backend.tests.test_supplier_grn_po.TestSupplierCreation" name="test_create_supplier_without_email" time="0.033" /><testcase classname="backend.tests.test_supplier_grn_po.TestSupplierCreation" name="test_get_suppliers_list" time="0.037" /><testcase classname="backend.tests.test_supplier_grn_po.TestPurchaseOrders" name="test_get_purchase_orders" time="0.033" /><testcase classname="backend.tests.test_supplier_grn_po.TestPurchaseOrders" name="test_get_pending_purchase_orders" time="0.038" /><testcase classname="backend.tests.test_supplier_grn_po.TestPurchaseOrders" name="test_get_purchase_order_details" time="0.079" /><testcase classname="backend.tests.test_supplier_grn_po.TestGRN" name="test_get_grns" time="0.036" /><testcase classname="backend.tests.test_supplier_grn_po.TestGRN" name="test_get_next_sku" time="0.034" /><testcase classname="backend.tests.test_supplier_grn_po.TestGRN" name="test_create_grn_from_po" time="0.171" /><testcase classname="backend.tests.test_supplier_grn_po.TestProducts" name="test_get_products" time="0.032" /><testcase classname="backend.tests.test_supplier_grn_po.TestProducts" name="test_product_has_sku" time="0.038" /><testcase classname="backend.tests.test_supplier_grn_po.TestDashboardAndLogin" name="test_login_success" time="0.260" /><testcase classname="backend.tests.test_supplier_grn_po.TestDashboardAndLogin" name="test_dashboard_summary" time="0.079" /></testsuite></testsuites>