<?xml version="1.0" encoding="utf-8"?><testsuites name="pytest tests"><testsuite name="pytest" errors="0" failures="1" skipped="0" tests="22" time="1.477" timestamp="2026-01-28T22:37:42.495733+00:00" hostname="agent-env-512edf7f-a050-46ad-af3d-9878f4c59a44"><testcase classname="backend.tests.test_phase2_features.TestWooCommerceEndpoints" name="test_get_woo_categories" time="0.348" /><testcase classname="backend.tests.test_phase2_features.TestWooCommerceEndpoints" name="test_get_woo_tags" time="0.037" /><testcase classname="backend.tests.test_phase2_features.TestWooCommerceEndpoints" name="test_suggest_seo_tags" time="0.043" /><testcase classname="backend.tests.test_phase2_features.TestWooCommerceEndpoints" name="test_suggest_seo_tags_with_category" time="0.042" /><testcase classname="backend.tests.test_phase2_features.TestProductsSimplified" name="test_get_products" time="0.036" /><testcase classname="backend.tests.test_phase2_features.TestProductsSimplified" name="test_get_product_categories" time="0.077"><failure message="assert 404 == 200&#10; +  where 404 = &lt;Response [404]&gt;.status_code">backend/tests/test_phase2_features.py:94: in test_get_product_categories
    assert response.status_code == 200
E   assert 404 == 200
E    +  where 404 = &lt;Response [404]&gt;.status_code</failure></testcase><testcase classname="backend.tests.test_phase2_features.TestProductsSimplified" name="test_create_simplified_product" time="0.074" /><testcase classname="backend.tests.test_phase2_features.TestGRNWithSEOTags" name="test_get_grns" time="0.040" /><testcase classname="backend.tests.test_phase2_features.TestGRNWithSEOTags" name="test_get_next_sku" time="0.036" /><testcase classname="backend.tests.test_phase2_features.TestGRNWithSEOTags" name="test_create_grn_with_new_product" time="0.115" /><testcase classname="backend.tests.test_phase2_features.TestFinanceModule" name="test_initialize_chart_of_accounts" time="0.032" /><testcase classname="backend.tests.test_phase2_features.TestFinanceModule" name="test_get_chart_of_accounts" time="0.036" /><testcase classname="backend.tests.test_phase2_features.TestFinanceModule" name="test_get_journal_entries" time="0.037" /><testcase classname="backend.tests.test_phase2_features.TestFinanceModule" name="test_create_balanced_journal_entry" time="0.083" /><testcase classname="backend.tests.test_phase2_features.TestFinanceModule" name="test_reject_unbalanced_entry" time="0.077" /><testcase classname="backend.tests.test_phase2_features.TestFinanceModule" name="test_profit_loss_report" time="0.038" /><testcase classname="backend.tests.test_phase2_features.TestFinanceModule" name="test_balance_sheet" time="0.035" /><testcase classname="backend.tests.test_phase2_features.TestFinanceModule" name="test_trial_balance" time="0.033" /><testcase classname="backend.tests.test_phase2_features.TestFinanceModule" name="test_general_ledger" time="0.045" /><testcase classname="backend.tests.test_phase2_features.TestSupplierCreation" name="test_create_supplier_with_valid_email" time="0.038" /><testcase classname="backend.tests.test_phase2_features.TestSupplierCreation" name="test_create_supplier_with_invalid_email" time="0.034" /><testcase classname="backend.tests.test_phase2_features.TestSupplierCreation" name="test_get_suppliers" time="0.037" /></testsuite></testsuites>